<?xml version="1.0" encoding="UTF-8"?>
<testng-results ignored="0" total="4" passed="4" failed="0" skipped="0">
  <reporter-output>
  </reporter-output>
  <suite started-at="2025-03-06T11:45:59 IST" name="Default suite" finished-at="2025-03-06T11:46:40 IST" duration-ms="40829">
    <groups>
    </groups>
    <test started-at="2025-03-06T11:45:59 IST" name="Default test" finished-at="2025-03-06T11:46:40 IST" duration-ms="40829">
      <class name="seleniumBasis.LoginTest">
        <test-method is-config="true" signature="initializeBrowser()[pri:0, instance:seleniumBasis.LoginTest@55183b20]" started-at="2025-03-06T11:45:59 IST" name="initializeBrowser" finished-at="2025-03-06T11:46:16 IST" duration-ms="16792" status="PASS">
          <reporter-output>
          </reporter-output>
        </test-method> <!-- initializeBrowser -->
        <test-method signature="verifyUserLoginWithInvalidCredentials()[pri:0, instance:seleniumBasis.LoginTest@55183b20]" started-at="2025-03-06T11:46:16 IST" name="verifyUserLoginWithInvalidCredentials" finished-at="2025-03-06T11:46:16 IST" duration-ms="472" status="PASS">
          <reporter-output>
          </reporter-output>
        </test-method> <!-- verifyUserLoginWithInvalidCredentials -->
        <test-method is-config="true" signature="closeAndQuit()[pri:0, instance:seleniumBasis.LoginTest@55183b20]" started-at="2025-03-06T11:46:16 IST" name="closeAndQuit" finished-at="2025-03-06T11:46:16 IST" duration-ms="1" status="PASS">
          <reporter-output>
          </reporter-output>
        </test-method> <!-- closeAndQuit -->
        <test-method is-config="true" signature="initializeBrowser()[pri:0, instance:seleniumBasis.LoginTest@55183b20]" started-at="2025-03-06T11:46:16 IST" name="initializeBrowser" finished-at="2025-03-06T11:46:22 IST" duration-ms="5860" status="PASS">
          <reporter-output>
          </reporter-output>
        </test-method> <!-- initializeBrowser -->
        <test-method signature="verifyUserLoginWithInvalidUsernameValidPassword()[pri:0, instance:seleniumBasis.LoginTest@55183b20]" started-at="2025-03-06T11:46:22 IST" name="verifyUserLoginWithInvalidUsernameValidPassword" finished-at="2025-03-06T11:46:23 IST" duration-ms="710" status="PASS">
          <reporter-output>
          </reporter-output>
        </test-method> <!-- verifyUserLoginWithInvalidUsernameValidPassword -->
        <test-method is-config="true" signature="closeAndQuit()[pri:0, instance:seleniumBasis.LoginTest@55183b20]" started-at="2025-03-06T11:46:23 IST" name="closeAndQuit" finished-at="2025-03-06T11:46:23 IST" duration-ms="0" status="PASS">
          <reporter-output>
          </reporter-output>
        </test-method> <!-- closeAndQuit -->
        <test-method is-config="true" signature="initializeBrowser()[pri:0, instance:seleniumBasis.LoginTest@55183b20]" started-at="2025-03-06T11:46:23 IST" name="initializeBrowser" finished-at="2025-03-06T11:46:33 IST" duration-ms="9872" status="PASS">
          <reporter-output>
          </reporter-output>
        </test-method> <!-- initializeBrowser -->
        <test-method signature="verifyUserLoginWithValidCredentials()[pri:0, instance:seleniumBasis.LoginTest@55183b20]" started-at="2025-03-06T11:46:33 IST" name="verifyUserLoginWithValidCredentials" finished-at="2025-03-06T11:46:33 IST" duration-ms="460" status="PASS">
          <reporter-output>
          </reporter-output>
        </test-method> <!-- verifyUserLoginWithValidCredentials -->
        <test-method is-config="true" signature="closeAndQuit()[pri:0, instance:seleniumBasis.LoginTest@55183b20]" started-at="2025-03-06T11:46:33 IST" name="closeAndQuit" finished-at="2025-03-06T11:46:33 IST" duration-ms="0" status="PASS">
          <reporter-output>
          </reporter-output>
        </test-method> <!-- closeAndQuit -->
        <test-method is-config="true" signature="initializeBrowser()[pri:0, instance:seleniumBasis.LoginTest@55183b20]" started-at="2025-03-06T11:46:33 IST" name="initializeBrowser" finished-at="2025-03-06T11:46:39 IST" duration-ms="5834" status="PASS">
          <reporter-output>
          </reporter-output>
        </test-method> <!-- initializeBrowser -->
        <test-method signature="verifyUserLoginWithValidUsernameInValidPassword()[pri:0, instance:seleniumBasis.LoginTest@55183b20]" started-at="2025-03-06T11:46:39 IST" name="verifyUserLoginWithValidUsernameInValidPassword" finished-at="2025-03-06T11:46:40 IST" duration-ms="656" status="PASS">
          <reporter-output>
          </reporter-output>
        </test-method> <!-- verifyUserLoginWithValidUsernameInValidPassword -->
        <test-method is-config="true" signature="closeAndQuit()[pri:0, instance:seleniumBasis.LoginTest@55183b20]" started-at="2025-03-06T11:46:40 IST" name="closeAndQuit" finished-at="2025-03-06T11:46:40 IST" duration-ms="2" status="PASS">
          <reporter-output>
          </reporter-output>
        </test-method> <!-- closeAndQuit -->
      </class> <!-- seleniumBasis.LoginTest -->
    </test> <!-- Default test -->
  </suite> <!-- Default suite -->
</testng-results>
