<?xml version="1.0" encoding="UTF-8"?>
<!-- Generated by org.testng.reporters.JUnitXMLReporter -->
<testsuite ignored="0" hostname="THERESA" failures="0" tests="4" name="Test" time="23.037" errors="0" timestamp="2025-04-01T11:53:34 IST">
  <testcase classname="testScript.LoginTest" name="verifyUserLoginWithValidCredentials" time="1.928"/>
  <testcase classname="testScript.LoginTest" name="verifyUserLoginWithValidUsernameAndInvalidPassword" time="0.899"/>
  <testcase classname="testScript.LoginTest" name="verifyUserLoginWithInvalidUsernameAndValidPassword" time="0.936"/>
  <testcase classname="testScript.LoginTest" name="verifyUserLoginWithInvalidUsernameAndInvalidPassword" time="0.947"/>
</testsuite> <!-- Test -->
