<?xml version="1.0" encoding="UTF-8"?>
<testng-results ignored="0" total="4" passed="4" failed="0" skipped="0">
  <reporter-output>
  </reporter-output>
  <suite started-at="2025-04-01T11:53:10 IST" name="Suite" finished-at="2025-04-01T11:53:34 IST" duration-ms="23037">
    <groups>
      <group name="smoke">
        <method signature="LoginTest.verifyUserLoginWithValidCredentials()[pri:1, instance:testScript.LoginTest@2657d4dd]" name="verifyUserLoginWithValidCredentials" class="testScript.LoginTest"/>
        <method signature="LoginTest.verifyUserLoginWithValidUsernameAndInvalidPassword()[pri:2, instance:testScript.LoginTest@2657d4dd]" name="verifyUserLoginWithValidUsernameAndInvalidPassword" class="testScript.LoginTest"/>
      </group> <!-- smoke -->
    </groups>
    <test started-at="2025-04-01T11:53:10 IST" name="Test" finished-at="2025-04-01T11:53:34 IST" duration-ms="23037">
      <class name="testScript.LoginTest">
        <test-method is-config="true" signature="initializeBrowser(java.lang.String)[pri:0, instance:testScript.LoginTest@2657d4dd]" started-at="2025-04-01T11:53:11 IST" name="initializeBrowser" finished-at="2025-04-01T11:53:15 IST" duration-ms="4405" status="PASS">
          <params>
            <param index="0">
              <value>
                <![CDATA[chrome]]>
              </value>
            </param>
          </params>
          <reporter-output>
          </reporter-output>
        </test-method> <!-- initializeBrowser -->
        <test-method signature="verifyUserLoginWithValidCredentials()[pri:1, instance:testScript.LoginTest@2657d4dd]" started-at="2025-04-01T11:53:15 IST" name="verifyUserLoginWithValidCredentials" description="whether user is able to login successfully with valid credentials" finished-at="2025-04-01T11:53:17 IST" duration-ms="1928" status="PASS">
          <reporter-output>
          </reporter-output>
        </test-method> <!-- verifyUserLoginWithValidCredentials -->
        <test-method is-config="true" signature="driverQuit(org.testng.ITestResult)[pri:0, instance:testScript.LoginTest@2657d4dd]" started-at="2025-04-01T11:53:17 IST" name="driverQuit" finished-at="2025-04-01T11:53:17 IST" duration-ms="444" status="PASS">
          <params>
            <param index="0">
              <value>
                <![CDATA[[TestResult name=verifyUserLoginWithValidCredentials status=SUCCESS method=LoginTest.verifyUserLoginWithValidCredentials()[pri:1, instance:testScript.LoginTest@2657d4dd] output={null}]]]>
              </value>
            </param>
          </params>
          <reporter-output>
          </reporter-output>
        </test-method> <!-- driverQuit -->
        <test-method is-config="true" signature="initializeBrowser(java.lang.String)[pri:0, instance:testScript.LoginTest@2657d4dd]" started-at="2025-04-01T11:53:17 IST" name="initializeBrowser" finished-at="2025-04-01T11:53:21 IST" duration-ms="4130" status="PASS">
          <params>
            <param index="0">
              <value>
                <![CDATA[chrome]]>
              </value>
            </param>
          </params>
          <reporter-output>
          </reporter-output>
        </test-method> <!-- initializeBrowser -->
        <test-method signature="verifyUserLoginWithValidUsernameAndInvalidPassword()[pri:2, instance:testScript.LoginTest@2657d4dd]" started-at="2025-04-01T11:53:21 IST" name="verifyUserLoginWithValidUsernameAndInvalidPassword" description="whether user is unable to login with valid username and invalid password" finished-at="2025-04-01T11:53:22 IST" duration-ms="899" status="PASS">
          <reporter-output>
          </reporter-output>
        </test-method> <!-- verifyUserLoginWithValidUsernameAndInvalidPassword -->
        <test-method is-config="true" signature="driverQuit(org.testng.ITestResult)[pri:0, instance:testScript.LoginTest@2657d4dd]" started-at="2025-04-01T11:53:22 IST" name="driverQuit" finished-at="2025-04-01T11:53:23 IST" duration-ms="314" status="PASS">
          <params>
            <param index="0">
              <value>
                <![CDATA[[TestResult name=verifyUserLoginWithValidUsernameAndInvalidPassword status=SUCCESS method=LoginTest.verifyUserLoginWithValidUsernameAndInvalidPassword()[pri:2, instance:testScript.LoginTest@2657d4dd] output={null}]]]>
              </value>
            </param>
          </params>
          <reporter-output>
          </reporter-output>
        </test-method> <!-- driverQuit -->
        <test-method is-config="true" signature="initializeBrowser(java.lang.String)[pri:0, instance:testScript.LoginTest@2657d4dd]" started-at="2025-04-01T11:53:23 IST" name="initializeBrowser" finished-at="2025-04-01T11:53:27 IST" duration-ms="4785" status="PASS">
          <params>
            <param index="0">
              <value>
                <![CDATA[chrome]]>
              </value>
            </param>
          </params>
          <reporter-output>
          </reporter-output>
        </test-method> <!-- initializeBrowser -->
        <test-method signature="verifyUserLoginWithInvalidUsernameAndValidPassword()[pri:3, instance:testScript.LoginTest@2657d4dd]" started-at="2025-04-01T11:53:27 IST" name="verifyUserLoginWithInvalidUsernameAndValidPassword" description="whether user is unable to login with invalid username and valid password" finished-at="2025-04-01T11:53:28 IST" duration-ms="936" status="PASS">
          <reporter-output>
          </reporter-output>
        </test-method> <!-- verifyUserLoginWithInvalidUsernameAndValidPassword -->
        <test-method is-config="true" signature="driverQuit(org.testng.ITestResult)[pri:0, instance:testScript.LoginTest@2657d4dd]" started-at="2025-04-01T11:53:28 IST" name="driverQuit" finished-at="2025-04-01T11:53:29 IST" duration-ms="335" status="PASS">
          <params>
            <param index="0">
              <value>
                <![CDATA[[TestResult name=verifyUserLoginWithInvalidUsernameAndValidPassword status=SUCCESS method=LoginTest.verifyUserLoginWithInvalidUsernameAndValidPassword()[pri:3, instance:testScript.LoginTest@2657d4dd] output={null}]]]>
              </value>
            </param>
          </params>
          <reporter-output>
          </reporter-output>
        </test-method> <!-- driverQuit -->
        <test-method is-config="true" signature="initializeBrowser(java.lang.String)[pri:0, instance:testScript.LoginTest@2657d4dd]" started-at="2025-04-01T11:53:29 IST" name="initializeBrowser" finished-at="2025-04-01T11:53:32 IST" duration-ms="3528" status="PASS">
          <params>
            <param index="0">
              <value>
                <![CDATA[chrome]]>
              </value>
            </param>
          </params>
          <reporter-output>
          </reporter-output>
        </test-method> <!-- initializeBrowser -->
        <test-method signature="verifyUserLoginWithInvalidUsernameAndInvalidPassword()[pri:4, instance:testScript.LoginTest@2657d4dd]" started-at="2025-04-01T11:53:32 IST" name="verifyUserLoginWithInvalidUsernameAndInvalidPassword" description="whether user is unable to login with invalid credentials" finished-at="2025-04-01T11:53:33 IST" duration-ms="947" status="PASS">
          <reporter-output>
          </reporter-output>
        </test-method> <!-- verifyUserLoginWithInvalidUsernameAndInvalidPassword -->
        <test-method is-config="true" signature="driverQuit(org.testng.ITestResult)[pri:0, instance:testScript.LoginTest@2657d4dd]" started-at="2025-04-01T11:53:33 IST" name="driverQuit" finished-at="2025-04-01T11:53:34 IST" duration-ms="300" status="PASS">
          <params>
            <param index="0">
              <value>
                <![CDATA[[TestResult name=verifyUserLoginWithInvalidUsernameAndInvalidPassword status=SUCCESS method=LoginTest.verifyUserLoginWithInvalidUsernameAndInvalidPassword()[pri:4, instance:testScript.LoginTest@2657d4dd] output={null}]]]>
              </value>
            </param>
          </params>
          <reporter-output>
          </reporter-output>
        </test-method> <!-- driverQuit -->
      </class> <!-- testScript.LoginTest -->
    </test> <!-- Test -->
  </suite> <!-- Suite -->
</testng-results>
