<?xml version="1.0" encoding="UTF-8"?>
<!-- Generated by org.testng.reporters.JUnitXMLReporter -->
<testsuite ignored="0" hostname="THERESA" failures="0" tests="4" name="Default test" time="40.829" errors="0" timestamp="2025-03-06T11:46:40 IST">
  <testcase classname="seleniumBasis.LoginTest" name="verifyUserLoginWithInvalidCredentials" time="0.472"/>
  <testcase classname="seleniumBasis.LoginTest" name="verifyUserLoginWithInvalidUsernameValidPassword" time="0.71"/>
  <testcase classname="seleniumBasis.LoginTest" name="verifyUserLoginWithValidCredentials" time="0.46"/>
  <testcase classname="seleniumBasis.LoginTest" name="verifyUserLoginWithValidUsernameInValidPassword" time="0.656"/>
</testsuite> <!-- Default test -->
